<?xml version="1.0" encoding="UTF-8"?>
<testsuite name="org.example.AppTest" tests="1" skipped="0" failures="0" errors="0" timestamp="2025-09-03T13:50:44.708Z" hostname="FELIPE" time="0.039">
  <properties/>
  <testcase name="appHasAGreeting()" classname="org.example.AppTest" time="0.039"/>
  <system-out><![CDATA[]]></system-out>
  <system-err><![CDATA[]]></system-err>
</testsuite>
