<?xml version="1.0" encoding="UTF-8"?>
<testsuite name="org.example.AppTest" tests="1" skipped="0" failures="0" errors="0" timestamp="2025-09-02T23:13:34.464Z" hostname="FELIPE" time="0.036">
  <properties/>
  <testcase name="appHasAGreeting()" classname="org.example.AppTest" time="0.036"/>
  <system-out><![CDATA[]]></system-out>
  <system-err><![CDATA[]]></system-err>
</testsuite>
