<?xml version="1.0" encoding="UTF-8"?>
<testsuite name="org.example.AppTest" tests="1" skipped="0" failures="0" errors="0" timestamp="2025-07-23T17:44:03.704Z" hostname="FELIPE" time="0.044">
  <properties/>
  <testcase name="appHasAGreeting()" classname="org.example.AppTest" time="0.044"/>
  <system-out><![CDATA[]]></system-out>
  <system-err><![CDATA[]]></system-err>
</testsuite>
